<?xml version="1.0" encoding="UTF-8"?>
<testsuite xmlns:xsi="http://www.w3.org/2001/XMLSchema-instance" xsi:schemaLocation="https://maven.apache.org/surefire/maven-surefire-plugin/xsd/surefire-test-report.xsd" name="TestKeyMetrics" time="23.017" tests="28" errors="0" skipped="0" failures="0">
  <properties>
    <property name="java.runtime.name" value="Java(TM) SE Runtime Environment"/>
    <property name="java.vm.version" value="12.0.1+12"/>
    <property name="sun.boot.library.path" value="/usr/lib/jvm/java-12-oracle/lib"/>
    <property name="maven.multiModuleProjectDirectory" value="/home/metodi/IdeaProjects/TestSEG"/>
    <property name="java.vm.vendor" value="Oracle Corporation"/>
    <property name="java.vendor.url" value="https://java.oracle.com/"/>
    <property name="guice.disable.misplaced.annotation.check" value="true"/>
    <property name="path.separator" value=":"/>
    <property name="java.vm.name" value="Java HotSpot(TM) 64-Bit Server VM"/>
    <property name="user.country" value="US"/>
    <property name="sun.java.launcher" value="SUN_STANDARD"/>
    <property name="java.vm.specification.name" value="Java Virtual Machine Specification"/>
    <property name="user.dir" value="/home/metodi/IdeaProjects/TestSEG"/>
    <property name="java.vm.compressedOopsMode" value="Zero based"/>
    <property name="java.runtime.version" value="12.0.1+12"/>
    <property name="java.awt.graphicsenv" value="sun.awt.X11GraphicsEnvironment"/>
    <property name="os.arch" value="amd64"/>
    <property name="java.io.tmpdir" value="/tmp"/>
    <property name="line.separator" value="&#10;"/>
    <property name="java.vm.specification.vendor" value="Oracle Corporation"/>
    <property name="os.name" value="Linux"/>
    <property name="classworlds.conf" value="/usr/share/maven/bin/m2.conf"/>
    <property name="sun.jnu.encoding" value="UTF-8"/>
    <property name="java.library.path" value="/usr/java/packages/lib:/usr/lib64:/lib64:/lib:/usr/lib"/>
    <property name="maven.conf" value="/usr/share/maven/conf"/>
    <property name="jdk.debug" value="release"/>
    <property name="java.class.version" value="56.0"/>
    <property name="java.specification.name" value="Java Platform API Specification"/>
    <property name="sun.management.compiler" value="HotSpot 64-Bit Tiered Compilers"/>
    <property name="os.version" value="5.0.0-13-generic"/>
    <property name="library.jansi.path" value="/usr/share/maven/lib/jansi-native"/>
    <property name="user.home" value="/home/metodi"/>
    <property name="user.timezone" value="Europe/London"/>
    <property name="file.encoding" value="UTF-8"/>
    <property name="java.specification.version" value="12"/>
    <property name="user.name" value="metodi"/>
    <property name="java.class.path" value="/usr/share/maven/boot/plexus-classworlds-2.x.jar"/>
    <property name="java.vm.specification.version" value="12"/>
    <property name="sun.arch.data.model" value="64"/>
    <property name="sun.java.command" value="org.codehaus.plexus.classworlds.launcher.Launcher test"/>
    <property name="java.home" value="/usr/lib/jvm/java-12-oracle"/>
    <property name="user.language" value="en"/>
    <property name="java.specification.vendor" value="Oracle Corporation"/>
    <property name="awt.toolkit" value="sun.awt.X11.XToolkit"/>
    <property name="java.vm.info" value="mixed mode, sharing"/>
    <property name="java.version" value="12.0.1"/>
    <property name="securerandom.source" value="file:/dev/./urandom"/>
    <property name="java.vendor" value="Oracle Corporation"/>
    <property name="maven.home" value="/usr/share/maven"/>
    <property name="file.separator" value="/"/>
    <property name="java.version.date" value="2019-04-16"/>
    <property name="java.vendor.url.bug" value="https://bugreport.java.com/bugreport/"/>
    <property name="sun.io.unicode.encoding" value="UnicodeLittle"/>
    <property name="sun.cpu.endian" value="little"/>
    <property name="sun.desktop" value="gnome"/>
  </properties>
  <testcase name="getNoOfImpressionsChartDayFilter" classname="TestKeyMetrics" time="0.072"/>
  <testcase name="getBounceRate" classname="TestKeyMetrics" time="0"/>
  <testcase name="getNoOfUniques1" classname="TestKeyMetrics" time="0.016"/>
  <testcase name="getCPA" classname="TestKeyMetrics" time="0"/>
  <testcase name="getCPC" classname="TestKeyMetrics" time="0"/>
  <testcase name="getCPM" classname="TestKeyMetrics" time="0.001"/>
  <testcase name="getCTR" classname="TestKeyMetrics" time="0"/>
  <testcase name="getTotalCost1" classname="TestKeyMetrics" time="0.052"/>
  <testcase name="getNoOfClicks" classname="TestKeyMetrics" time="0"/>
  <testcase name="getTotalCost" classname="TestKeyMetrics" time="0.001"/>
  <testcase name="getCPA1" classname="TestKeyMetrics" time="0.055"/>
  <testcase name="getCPC1" classname="TestKeyMetrics" time="0.052"/>
  <testcase name="getCPM1" classname="TestKeyMetrics" time="0.054"/>
  <testcase name="getCTR1" classname="TestKeyMetrics" time="0.001"/>
  <testcase name="getNoOfUniques" classname="TestKeyMetrics" time="0"/>
  <testcase name="getNoOfBounces1" classname="TestKeyMetrics" time="0.002"/>
  <testcase name="getNoOfConversions" classname="TestKeyMetrics" time="0"/>
  <testcase name="getImpressionsNoFilter5" classname="TestKeyMetrics" time="0.058"/>
  <testcase name="getNoOfBounces" classname="TestKeyMetrics" time="0.001"/>
  <testcase name="getNoOfImpressions1" classname="TestKeyMetrics" time="0.002"/>
  <testcase name="getNoOfImpressions" classname="TestKeyMetrics" time="0.001"/>
  <testcase name="getNoOfImpressionsFilter0" classname="TestKeyMetrics" time="0.059"/>
  <testcase name="getNoOfImpressionsFilter1" classname="TestKeyMetrics" time="0.067"/>
  <testcase name="getNoOfImpressionsFilter2" classname="TestKeyMetrics" time="0.068"/>
  <testcase name="getNoOfImpressionsFilter3" classname="TestKeyMetrics" time="0.126"/>
  <testcase name="getNoOfImpressionsChartDayFilter0" classname="TestKeyMetrics" time="0.065"/>
  <testcase name="getNoOfClicks1" classname="TestKeyMetrics" time="0.001"/>
  <testcase name="getNoOfConversions1" classname="TestKeyMetrics" time="0.003"/>
</testsuite>